#
# There is insufficient memory for the Java Runtime Environment to continue.
# Native memory allocation (mmap) failed to map 123731968 bytes for G1 virtual space
# Possible reasons:
#   The system is out of physical RAM or swap space
#   The process is running with CompressedOops enabled, and the Java Heap may be blocking the growth of the native heap
# Possible solutions:
#   Reduce memory load on the system
#   Increase physical memory or swap space
#   Check if swap backing store is full
#   Decrease Java heap size (-Xmx/-Xms)
#   Decrease number of Java threads
#   Decrease Java thread stack sizes (-Xss)
#   Set larger code cache with -XX:ReservedCodeCacheSize=
#   JVM is running with Unscaled Compressed Oops mode in which the Java heap is
#     placed in the first 4GB address space. The Java Heap base address is the
#     maximum limit for the native heap growth. Please use -XX:HeapBaseMinAddress
#     to set the Java Heap base and to place the Java Heap above 4GB virtual address.
# This output file may be truncated or incomplete.
#
#  Out of Memory Error (os_windows.cpp:3528), pid=28940, tid=2508
#
# JRE version:  (20.0.1+9) (build )
# Java VM: Java HotSpot(TM) 64-Bit Server VM (20.0.1+9-29, mixed mode, sharing, tiered, compressed oops, compressed class ptrs, g1 gc, windows-amd64)
# No core dump will be written. Minidumps are not enabled by default on client versions of Windows
#

---------------  S U M M A R Y ------------

Command Line: -Dfile.encoding=UTF-8 -agentlib:jdwp=transport=dt_shmem,address=javadebug --module-path=C:\Users\umasi\OneDrive\Documents\NetBeansProjects\Bank management system\build\classes bank.management.system.Login

Host: AMD Ryzen 5 5500U with Radeon Graphics         , 12 cores, 7G,  Windows 11 , 64 bit Build 26100 (10.0.26100.3037)
Time: Mon Feb 17 15:42:43 2025 India Standard Time elapsed time: 1.147950 seconds (0d 0h 0m 1s)

---------------  T H R E A D  ---------------

Current thread (0x000001b874feea00):  JavaThread "Unknown thread" [_thread_in_vm, id=2508, stack(0x0000000400600000,0x0000000400700000)]

Stack: [0x0000000400600000,0x0000000400700000]
Native frames: (J=compiled Java code, j=interpreted, Vv=VM code, C=native code)
V  [jvm.dll+0x6bb95a]
V  [jvm.dll+0x8485fa]
V  [jvm.dll+0x84a1f5]
V  [jvm.dll+0x84a8f3]
V  [jvm.dll+0x280b0f]
V  [jvm.dll+0x6b86e9]
V  [jvm.dll+0x6ad2da]
V  [jvm.dll+0x35adf5]
V  [jvm.dll+0x363016]
V  [jvm.dll+0x3b3b3e]
V  [jvm.dll+0x3b3dc5]
V  [jvm.dll+0x32b50a]
V  [jvm.dll+0x32c32b]
V  [jvm.dll+0x8112bf]
V  [jvm.dll+0x3c0d91]
V  [jvm.dll+0x7fcfe3]
V  [jvm.dll+0x44c76f]
V  [jvm.dll+0x44e0e1]
C  [jli.dll+0x5287]
C  [ucrtbase.dll+0x37b0]
C  [KERNEL32.DLL+0x2e8d7]
C  [ntdll.dll+0xbbf2c]


---------------  P R O C E S S  ---------------

Threads class SMR info:
_java_thread_list=0x00007ff839d8a098, length=0, elements={
}

Java Threads: ( => current thread )

Other Threads:
  0x000001b875047660 WorkerThread "GC Thread#0" [stack: 0x0000000400700000,0x0000000400800000] [id=28404]
  0x000001b875057250 ConcurrentGCThread "G1 Main Marker" [stack: 0x0000000400800000,0x0000000400900000] [id=7780]
  0x000001b875059fe0 WorkerThread "G1 Conc#0" [stack: 0x0000000400900000,0x0000000400a00000] [id=24620]

[error occurred during error reporting (printing all threads), id 0xc0000005, EXCEPTION_ACCESS_VIOLATION (0xc0000005) at pc=0x00007ff83956eb47]
VM state: not at safepoint (not fully initialized)

VM Mutex/Monitor currently owned by a thread:  ([mutex/lock_event])
[0x000001b872d9b7b0] Heap_lock - owner thread: 0x000001b874feea00

Heap address: 0x000000008a400000, size: 1884 MB, Compressed Oops mode: 32-bit

CDS archive(s) mapped at: [0x0000000000000000-0x0000000000000000-0x0000000000000000), size 0, SharedBaseAddress: 0x0000000800000000, ArchiveRelocationMode: 0.
Narrow klass base: 0x0000000000000000, Narrow klass shift: 0, Narrow klass range: 0x0

GC Precious Log:
 CardTable entry size: 512
 Card Set container configuration: InlinePtr #cards 5 size 8 Array Of Cards #cards 12 size 40 Howl #buckets 4 coarsen threshold 1843 Howl Bitmap #cards 512 size 80 coarsen threshold 460 Card regions per heap region 1 cards per card region 2048

Heap:
 garbage-first heap   total 0K, used 0K [0x000000008a400000, 0x0000000100000000)
  region size 1024K, 0 young (0K), 0 survivors (0K)

[error occurred during error reporting (printing heap information), id 0xc0000005, EXCEPTION_ACCESS_VIOLATION (0xc0000005) at pc=0x00007ff839943c59]
GC Heap History (0 events):
No events

Dll operation events (1 events):
Event: 0.040 Loaded shared library C:\Program Files\Java\jdk-20\bin\java.dll

Deoptimization events (0 events):
No events

Classes loaded (0 events):
No events

Classes unloaded (0 events):
No events

Classes redefined (0 events):
No events

Internal exceptions (0 events):
No events

VM Operations (0 events):
No events

Events (0 events):
No events


Dynamic libraries:
0x00007ff711280000 - 0x00007ff711290000 	C:\Program Files\Java\jdk-20\bin\java.exe
0x00007ff8b2cc0000 - 0x00007ff8b2f23000 	C:\WINDOWS\SYSTEM32\ntdll.dll
0x00007ff8b1270000 - 0x00007ff8b1337000 	C:\WINDOWS\System32\KERNEL32.DLL
0x00007ff8b0110000 - 0x00007ff8b04d7000 	C:\WINDOWS\System32\KERNELBASE.dll
0x00007ff8acae0000 - 0x00007ff8acb7c000 	C:\WINDOWS\SYSTEM32\apphelp.dll
0x00007ff8b04e0000 - 0x00007ff8b062c000 	C:\WINDOWS\System32\ucrtbase.dll
0x00007ff88a210000 - 0x00007ff88a229000 	C:\Program Files\Java\jdk-20\bin\jli.dll
0x00007ff87f8d0000 - 0x00007ff87f8eb000 	C:\Program Files\Java\jdk-20\bin\VCRUNTIME140.dll
0x00007ff8b1690000 - 0x00007ff8b1744000 	C:\WINDOWS\System32\ADVAPI32.dll
0x00007ff8b0d80000 - 0x00007ff8b0e29000 	C:\WINDOWS\System32\msvcrt.dll
0x00007ff8b15e0000 - 0x00007ff8b1686000 	C:\WINDOWS\System32\sechost.dll
0x00007ff8b0c60000 - 0x00007ff8b0d76000 	C:\WINDOWS\System32\RPCRT4.dll
0x00007ff8b1780000 - 0x00007ff8b1949000 	C:\WINDOWS\System32\USER32.dll
0x00007ff8b0950000 - 0x00007ff8b0977000 	C:\WINDOWS\System32\win32u.dll
0x00007ff8b1530000 - 0x00007ff8b155a000 	C:\WINDOWS\System32\GDI32.dll
0x00007ff8b0630000 - 0x00007ff8b075b000 	C:\WINDOWS\System32\gdi32full.dll
0x00007ff8b0060000 - 0x00007ff8b0103000 	C:\WINDOWS\System32\msvcp_win.dll
0x00007ff8881b0000 - 0x00007ff888440000 	C:\WINDOWS\WinSxS\amd64_microsoft.windows.common-controls_6595b64144ccf1df_6.0.26100.3037_none_3e09262ce333c378\COMCTL32.dll
0x00007ff8a8f60000 - 0x00007ff8a8f6b000 	C:\WINDOWS\SYSTEM32\VERSION.dll
0x00007ff8b29f0000 - 0x00007ff8b2a1f000 	C:\WINDOWS\System32\IMM32.DLL
0x00007ff886700000 - 0x00007ff88670c000 	C:\Program Files\Java\jdk-20\bin\vcruntime140_1.dll
0x00007ff85a5a0000 - 0x00007ff85a62e000 	C:\Program Files\Java\jdk-20\bin\msvcp140.dll
0x00007ff839230000 - 0x00007ff839ec7000 	C:\Program Files\Java\jdk-20\bin\server\jvm.dll
0x00007ff88b000000 - 0x00007ff88b00a000 	C:\WINDOWS\SYSTEM32\WSOCK32.dll
0x00007ff8acda0000 - 0x00007ff8acdd6000 	C:\WINDOWS\SYSTEM32\WINMM.dll
0x00007ff8b2470000 - 0x00007ff8b24e4000 	C:\WINDOWS\System32\WS2_32.dll
0x00007ff8aee90000 - 0x00007ff8aeeaa000 	C:\WINDOWS\SYSTEM32\kernel.appcore.dll
0x00007ff886230000 - 0x00007ff88623a000 	C:\Program Files\Java\jdk-20\bin\jimage.dll
0x00007ff8ad7a0000 - 0x00007ff8ad9e1000 	C:\WINDOWS\SYSTEM32\DBGHELP.DLL
0x00007ff8b0e30000 - 0x00007ff8b11ae000 	C:\WINDOWS\System32\combase.dll
0x00007ff8b2390000 - 0x00007ff8b2466000 	C:\WINDOWS\System32\OLEAUT32.dll
0x00007ff8acd60000 - 0x00007ff8acd99000 	C:\WINDOWS\SYSTEM32\dbgcore.DLL
0x00007ff8b08b0000 - 0x00007ff8b0949000 	C:\WINDOWS\System32\bcryptPrimitives.dll
0x00007ff87d750000 - 0x00007ff87d78c000 	C:\Program Files\Java\jdk-20\bin\jdwp.dll
0x00007ff866c30000 - 0x00007ff866c56000 	C:\Program Files\Java\jdk-20\bin\java.dll

dbghelp: loaded successfully - version: 4.0.5 - missing functions: none
symbol engine: initialized successfully - sym options: 0x614 - pdb path: .;C:\Program Files\Java\jdk-20\bin;C:\WINDOWS\SYSTEM32;C:\WINDOWS\WinSxS\amd64_microsoft.windows.common-controls_6595b64144ccf1df_6.0.26100.3037_none_3e09262ce333c378;C:\Program Files\Java\jdk-20\bin\server

VM Arguments:
jvm_args: -Dfile.encoding=UTF-8 -agentlib:jdwp=transport=dt_shmem,address=javadebug --module-path=C:\Users\umasi\OneDrive\Documents\NetBeansProjects\Bank management system\build\classes 
java_command: bank.management.system.Login
java_class_path (initial): C:\Users\umasi\OneDrive\Documents\NetBeansProjects\Bank management system\build\classes
Launcher Type: SUN_STANDARD

[Global flags]
     intx CICompilerCount                          = 4                                         {product} {ergonomic}
     uint ConcGCThreads                            = 3                                         {product} {ergonomic}
     uint G1ConcRefinementThreads                  = 10                                        {product} {ergonomic}
   size_t G1HeapRegionSize                         = 1048576                                   {product} {ergonomic}
    uintx GCDrainStackTargetSize                   = 64                                        {product} {ergonomic}
   size_t InitialHeapSize                          = 123731968                                 {product} {ergonomic}
   size_t MarkStackSize                            = 4194304                                   {product} {ergonomic}
   size_t MaxHeapSize                              = 1975517184                                {product} {ergonomic}
   size_t MinHeapDeltaBytes                        = 1048576                                   {product} {ergonomic}
   size_t MinHeapSize                              = 8388608                                   {product} {ergonomic}
    uintx NonNMethodCodeHeapSize                   = 5839372                                {pd product} {ergonomic}
    uintx NonProfiledCodeHeapSize                  = 122909434                              {pd product} {ergonomic}
    uintx ProfiledCodeHeapSize                     = 122909434                              {pd product} {ergonomic}
    uintx ReservedCodeCacheSize                    = 251658240                              {pd product} {ergonomic}
     bool SegmentedCodeCache                       = true                                      {product} {ergonomic}
   size_t SoftMaxHeapSize                          = 1975517184                             {manageable} {ergonomic}
     bool UseCompressedClassPointers               = true                           {product lp64_product} {ergonomic}
     bool UseCompressedOops                        = true                           {product lp64_product} {ergonomic}
     bool UseG1GC                                  = true                                      {product} {ergonomic}
     bool UseLargePagesIndividualAllocation        = false                                  {pd product} {ergonomic}

Logging:
Log output configuration:
 #0: stdout all=warning uptime,level,tags foldmultilines=false
 #1: stderr all=off uptime,level,tags foldmultilines=false

Environment Variables:
PATH=C:\Program Files\Python310\Scripts\;C:\Program Files\Python310\;C:\Program Files\Common Files\Oracle\Java\javapath;C:\WINDOWS\system32;C:\WINDOWS;C:\WINDOWS\System32\Wbem;C:\WINDOWS\System32\WindowsPowerShell\v1.0\;C:\WINDOWS\System32\OpenSSH\;C:\Program Files\dotnet\;C:\MinGW\bin;C:\Program Files\nodejs\;C:\Program Files\MySQL\MySQL Shell 8.0\bin\;C:\Users\umasi\AppData\Local\Microsoft\WindowsApps;;C:\Users\umasi\AppData\Local\Programs\Microsoft VS Code\bin;D:\modelsim_ase\win32aloem;C:\Users\umasi\AppData\Roaming\npm
USERNAME=umasi
OS=Windows_NT
PROCESSOR_IDENTIFIER=AMD64 Family 23 Model 104 Stepping 1, AuthenticAMD
TMP=C:\Users\umasi\AppData\Local\Temp
TEMP=C:\Users\umasi\AppData\Local\Temp




---------------  S Y S T E M  ---------------

OS:
 Windows 11 , 64 bit Build 26100 (10.0.26100.3037)
OS uptime: 4 days 2:31 hours
Hyper-V role detected

CPU: total 12 (initial active 12) (12 cores per cpu, 2 threads per core) family 23 model 104 stepping 1 microcode 0x8608107, cx8, cmov, fxsr, ht, mmx, 3dnowpref, sse, sse2, sse3, ssse3, sse4a, sse4.1, sse4.2, popcnt, lzcnt, tsc, tscinvbit, avx, avx2, aes, clmul, bmi1, bmi2, adx, sha, fma, vzeroupper, clflush, clflushopt, hv, rdtscp, rdpid, f16c

Memory: 4k page, system-wide physical 7528M (423M free)
TotalPageFile size 27420M (AvailPageFile size 99M)
current process WorkingSet (physical memory assigned to process): 13M, peak: 13M
current process commit charge ("private bytes"): 64M, peak: 182M

vm_info: Java HotSpot(TM) 64-Bit Server VM (20.0.1+9-29) for windows-amd64 JRE (20.0.1+9-29), built on 2023-03-07T13:56:11Z by "mach5one" with MS VC++ 17.1 (VS2022)

END.
